2025-04-10 09:39:59,125 ERROR: File not found at: invoices/bill.pdf [in /Users/alanoudalarabid/Desktop/invoice/app.py:172]
2025-04-10 09:41:13,352 ERROR: File not found at: invoices/bill.pdf [in /Users/alanoudalarabid/Desktop/invoice/app.py:172]
2025-04-10 15:31:55,116 ERROR: Verification failed: name 'get_mysql_connection' is not defined [in /Users/alanoudalarabid/Desktop/invoice/app.py:213]
2025-04-10 15:31:56,341 ERROR: Verification failed: name 'get_mysql_connection' is not defined [in /Users/alanoudalarabid/Desktop/invoice/app.py:213]
2025-04-10 15:46:40,542 ERROR: Verification failed: name 'get_mysql_connection' is not defined [in /Users/alanoudalarabid/Desktop/invoice/app.py:213]
2025-04-10 16:03:54,305 ERROR: Verification failed: name 'get_mysql_connection' is not defined [in /Users/alanoudalarabid/Desktop/invoice/app.py:213]
2025-04-10 16:04:31,702 ERROR: Verification failed: name 'get_mysql_connection' is not defined [in /Users/alanoudalarabid/Desktop/invoice/app.py:213]
2025-04-11 09:41:26,733 ERROR: Verification error: name 'get_mysql_connection' is not defined [in /Users/alanoudalarabid/Desktop/invoice/app.py:286]
2025-04-11 09:41:27,868 ERROR: Verification failed: name 'get_mysql_connection' is not defined [in /Users/alanoudalarabid/Desktop/invoice/app.py:214]
2025-04-11 09:41:27,876 ERROR: Verification error: name 'get_mysql_connection' is not defined [in /Users/alanoudalarabid/Desktop/invoice/app.py:286]
2025-04-11 09:41:28,670 ERROR: Verification failed: name 'get_mysql_connection' is not defined [in /Users/alanoudalarabid/Desktop/invoice/app.py:214]
2025-04-11 09:41:28,680 ERROR: Verification error: name 'get_mysql_connection' is not defined [in /Users/alanoudalarabid/Desktop/invoice/app.py:286]
2025-04-11 09:41:29,488 ERROR: Verification failed: name 'get_mysql_connection' is not defined [in /Users/alanoudalarabid/Desktop/invoice/app.py:214]
2025-04-11 09:41:29,497 ERROR: Verification error: name 'get_mysql_connection' is not defined [in /Users/alanoudalarabid/Desktop/invoice/app.py:286]
2025-04-11 09:41:30,270 ERROR: Verification failed: name 'get_mysql_connection' is not defined [in /Users/alanoudalarabid/Desktop/invoice/app.py:214]
2025-04-11 09:41:30,280 ERROR: Verification error: name 'get_mysql_connection' is not defined [in /Users/alanoudalarabid/Desktop/invoice/app.py:286]
2025-04-11 09:46:55,953 ERROR: Verification error: name 'get_mysql_connection' is not defined [in /Users/alanoudalarabid/Desktop/invoice/app.py:286]
2025-04-11 09:49:27,604 ERROR: Verification failed: name 'get_mysql_connection' is not defined [in /Users/alanoudalarabid/Desktop/invoice/app.py:214]
2025-04-11 09:49:27,614 ERROR: Verification error: name 'get_mysql_connection' is not defined [in /Users/alanoudalarabid/Desktop/invoice/app.py:286]
2025-04-11 09:49:37,163 ERROR: Verification failed: name 'get_mysql_connection' is not defined [in /Users/alanoudalarabid/Desktop/invoice/app.py:214]
2025-04-11 09:54:34,755 ERROR: Verification failed: name 'get_mysql_connection' is not defined [in /Users/alanoudalarabid/Desktop/invoice/app.py:214]
2025-04-11 09:54:34,762 ERROR: Verification error: name 'get_mysql_connection' is not defined [in /Users/alanoudalarabid/Desktop/invoice/app.py:286]
2025-04-11 09:58:51,467 ERROR: Verification failed: name 'get_mysql_connection' is not defined [in /Users/alanoudalarabid/Desktop/invoice/app.py:214]
2025-04-11 09:58:51,476 ERROR: Verification error: name 'get_mysql_connection' is not defined [in /Users/alanoudalarabid/Desktop/invoice/app.py:303]
2025-04-11 09:58:52,497 ERROR: Verification error: name 'get_mysql_connection' is not defined [in /Users/alanoudalarabid/Desktop/invoice/app.py:303]
2025-04-11 09:58:54,511 ERROR: Verification error: name 'get_mysql_connection' is not defined [in /Users/alanoudalarabid/Desktop/invoice/app.py:303]
2025-04-11 14:50:39,324 ERROR: Verification error: name 'get_mysql_connection' is not defined [in /Users/alanoudalarabid/Desktop/inovices1/app.py:303]
2025-04-11 14:50:40,336 ERROR: Verification error: name 'get_mysql_connection' is not defined [in /Users/alanoudalarabid/Desktop/inovices1/app.py:303]
2025-04-11 14:50:42,349 ERROR: Verification error: name 'get_mysql_connection' is not defined [in /Users/alanoudalarabid/Desktop/inovices1/app.py:303]
2025-04-11 14:51:28,167 ERROR: Verification error: name 'get_mysql_connection' is not defined [in /Users/alanoudalarabid/Desktop/inovices1/app.py:303]
2025-04-11 14:51:29,175 ERROR: Verification error: name 'get_mysql_connection' is not defined [in /Users/alanoudalarabid/Desktop/inovices1/app.py:303]
2025-04-11 14:51:31,185 ERROR: Verification error: name 'get_mysql_connection' is not defined [in /Users/alanoudalarabid/Desktop/inovices1/app.py:303]
2025-04-11 14:55:34,276 ERROR: Verification failed: name 'get_mysql_connection' is not defined [in /Users/alanoudalarabid/Desktop/inovices1/app.py:214]
2025-04-11 14:55:34,283 ERROR: Verification error: name 'get_mysql_connection' is not defined [in /Users/alanoudalarabid/Desktop/inovices1/app.py:302]
2025-04-11 14:55:35,301 ERROR: Verification error: name 'get_mysql_connection' is not defined [in /Users/alanoudalarabid/Desktop/inovices1/app.py:302]
2025-04-11 14:55:37,318 ERROR: Verification error: name 'get_mysql_connection' is not defined [in /Users/alanoudalarabid/Desktop/inovices1/app.py:302]
2025-04-11 14:56:49,472 ERROR: Verification error: name 'get_mysql_connection' is not defined [in /Users/alanoudalarabid/Desktop/inovices1/app.py:302]
2025-04-11 14:56:50,489 ERROR: Verification error: name 'get_mysql_connection' is not defined [in /Users/alanoudalarabid/Desktop/inovices1/app.py:302]
2025-04-11 14:56:52,504 ERROR: Verification error: name 'get_mysql_connection' is not defined [in /Users/alanoudalarabid/Desktop/inovices1/app.py:302]
2025-04-11 15:01:57,028 ERROR: Verification error: name 'get_mysql_connection' is not defined [in /Users/alanoudalarabid/Desktop/inovices1/app.py:302]
2025-04-11 15:01:58,137 ERROR: Verification error: name 'get_mysql_connection' is not defined [in /Users/alanoudalarabid/Desktop/inovices1/app.py:302]
2025-04-11 15:02:00,242 ERROR: Verification error: name 'get_mysql_connection' is not defined [in /Users/alanoudalarabid/Desktop/inovices1/app.py:302]
2025-04-11 15:26:55,366 ERROR: Processing error: Unread result found [in /Users/alanoudalarabid/Desktop/inovices1/app.py:149]
2025-04-11 15:26:56,201 ERROR: Processing error: Unread result found [in /Users/alanoudalarabid/Desktop/inovices1/app.py:149]
2025-04-11 15:26:57,031 ERROR: Processing error: Unread result found [in /Users/alanoudalarabid/Desktop/inovices1/app.py:149]
2025-04-11 15:26:57,855 ERROR: Processing error: Unread result found [in /Users/alanoudalarabid/Desktop/inovices1/app.py:149]
2025-04-11 15:26:58,753 ERROR: Processing error: Unread result found [in /Users/alanoudalarabid/Desktop/inovices1/app.py:149]
2025-04-11 15:26:59,551 ERROR: Processing error: Unread result found [in /Users/alanoudalarabid/Desktop/inovices1/app.py:149]
2025-04-11 15:27:00,372 ERROR: Processing error: Unread result found [in /Users/alanoudalarabid/Desktop/inovices1/app.py:149]
2025-04-11 15:27:01,159 ERROR: Processing error: Unread result found [in /Users/alanoudalarabid/Desktop/inovices1/app.py:149]
2025-04-11 15:27:01,978 ERROR: Processing error: Unread result found [in /Users/alanoudalarabid/Desktop/inovices1/app.py:149]
2025-04-11 15:37:17,025 ERROR: Processing error: Unread result found [in /Users/alanoudalarabid/Desktop/inovices1/app.py:149]
2025-04-11 15:37:17,958 ERROR: Processing error: Unread result found [in /Users/alanoudalarabid/Desktop/inovices1/app.py:149]
2025-04-11 15:37:18,800 ERROR: Processing error: Unread result found [in /Users/alanoudalarabid/Desktop/inovices1/app.py:149]
2025-04-11 15:37:21,924 ERROR: Processing error: Unread result found [in /Users/alanoudalarabid/Desktop/inovices1/app.py:149]
2025-04-11 15:37:22,815 ERROR: Processing error: Unread result found [in /Users/alanoudalarabid/Desktop/inovices1/app.py:149]
2025-04-11 15:37:23,644 ERROR: Processing error: Unread result found [in /Users/alanoudalarabid/Desktop/inovices1/app.py:149]
2025-04-11 16:05:00,834 ERROR: Processing error: Unread result found [in /Users/alanoudalarabid/Desktop/inovices1/app.py:149]
2025-04-11 16:06:29,186 ERROR: Processing error: Unread result found [in /Users/alanoudalarabid/Desktop/inovices1/app.py:149]
2025-04-11 16:37:27,145 ERROR: Processing error: Unread result found [in /Users/alanoudalarabid/Desktop/inovices1/app.py:149]
2025-04-11 16:38:38,805 ERROR: Processing error: Unread result found [in /Users/alanoudalarabid/Desktop/inovices1/app.py:149]
2025-04-14 08:43:36,606 ERROR: Processing error: Unread result found [in /Users/alanoudalarabid/Desktop/inovices/app.py:149]
2025-04-14 09:04:19,080 ERROR: Processing error: Unread result found [in /Users/alanoudalarabid/Desktop/inovices/app.py:149]
2025-04-14 09:13:11,736 ERROR: Processing error: Unread result found [in /Users/alanoudalarabid/Desktop/inovices/app.py:149]
2025-04-14 09:23:23,995 ERROR: Processing error: Unread result found [in /Users/alanoudalarabid/Desktop/inovices/app.py:149]
2025-04-14 09:27:28,089 ERROR: Processing error: Unread result found [in /Users/alanoudalarabid/Desktop/inovices/app.py:149]
2025-04-14 10:16:24,832 ERROR: Processing error: Unread result found [in /Users/alanoudalarabid/Desktop/inovices/app.py:149]
2025-04-14 10:19:04,358 ERROR: Processing error: Unread result found [in /Users/alanoudalarabid/Desktop/inovices/app.py:149]
2025-04-14 10:27:43,241 ERROR: Processing error: Unread result found [in /Users/alanoudalarabid/Desktop/inovices/app.py:149]
2025-04-14 10:27:44,091 ERROR: Processing error: Unread result found [in /Users/alanoudalarabid/Desktop/inovices/app.py:149]
2025-04-14 10:27:44,936 ERROR: Processing error: Unread result found [in /Users/alanoudalarabid/Desktop/inovices/app.py:149]
2025-04-14 10:28:21,508 ERROR: Processing error: Unread result found [in /Users/alanoudalarabid/Desktop/inovices/app.py:149]
2025-04-14 10:35:34,743 ERROR: Processing error: Unread result found [in /Users/alanoudalarabid/Desktop/inovices/app.py:149]
2025-04-14 10:35:35,813 ERROR: Processing error: Unread result found [in /Users/alanoudalarabid/Desktop/inovices/app.py:149]
2025-04-14 10:35:36,648 ERROR: Processing error: Unread result found [in /Users/alanoudalarabid/Desktop/inovices/app.py:149]
2025-04-14 10:35:39,640 ERROR: Processing error: Unread result found [in /Users/alanoudalarabid/Desktop/inovices/app.py:149]
2025-04-14 10:35:40,511 ERROR: Processing error: Unread result found [in /Users/alanoudalarabid/Desktop/inovices/app.py:149]
2025-04-14 10:44:29,241 ERROR: Processing error: Unread result found [in /Users/alanoudalarabid/Desktop/inovices/app.py:149]
2025-04-14 10:54:57,494 ERROR: Processing error: Unread result found [in /Users/alanoudalarabid/Desktop/inovices/app.py:149]
2025-04-14 10:54:58,345 ERROR: Processing error: Unread result found [in /Users/alanoudalarabid/Desktop/inovices/app.py:149]
2025-04-14 10:55:56,487 ERROR: Processing error: Unread result found [in /Users/alanoudalarabid/Desktop/inovices/app.py:149]
2025-04-14 11:15:23,863 ERROR: Processing error: Unread result found [in /Users/alanoudalarabid/Desktop/inovices/app.py:149]
2025-04-14 11:26:25,593 ERROR: Processing error: Unread result found [in /Users/alanoudalarabid/Desktop/inovices/app.py:149]
2025-04-14 11:30:11,708 ERROR: Processing error: Unread result found [in /Users/alanoudalarabid/Desktop/inovices/app.py:149]
2025-04-14 11:31:52,749 ERROR: Processing error: Unread result found [in /Users/alanoudalarabid/Desktop/inovices/app.py:149]
2025-04-14 11:39:24,435 ERROR: Processing error: Unread result found [in /Users/alanoudalarabid/Desktop/inovices/app.py:149]
2025-04-14 14:24:41,450 ERROR: Processing error: Unread result found [in /Users/alanoudalarabid/Desktop/inovices/app.py:149]
2025-04-14 14:28:20,027 ERROR: Processing error: Unread result found [in /Users/alanoudalarabid/Desktop/inovices/app.py:149]
2025-04-14 14:28:20,915 ERROR: Processing error: Unread result found [in /Users/alanoudalarabid/Desktop/inovices/app.py:149]
2025-04-14 14:28:21,774 ERROR: Processing error: Unread result found [in /Users/alanoudalarabid/Desktop/inovices/app.py:149]
2025-04-14 14:28:22,596 ERROR: Processing error: Unread result found [in /Users/alanoudalarabid/Desktop/inovices/app.py:149]
2025-04-14 14:28:23,409 ERROR: Processing error: Unread result found [in /Users/alanoudalarabid/Desktop/inovices/app.py:149]
2025-04-14 14:28:24,251 ERROR: Processing error: Unread result found [in /Users/alanoudalarabid/Desktop/inovices/app.py:149]
2025-04-14 14:28:25,092 ERROR: Processing error: Unread result found [in /Users/alanoudalarabid/Desktop/inovices/app.py:149]
2025-04-14 14:28:26,272 ERROR: Processing error: Unread result found [in /Users/alanoudalarabid/Desktop/inovices/app.py:149]
2025-04-14 14:28:27,120 ERROR: Processing error: Unread result found [in /Users/alanoudalarabid/Desktop/inovices/app.py:149]
2025-04-14 15:00:34,220 [ERROR] Processing error: Unread result found | File: bill_copy_2.pdf - [app.py:129]
2025-04-14 15:00:47,230 [ERROR] Processing error: Unread result found | File: bill_copy_4.pdf - [app.py:129]
2025-04-14 15:00:48,061 [ERROR] Processing error: Unread result found | File: bill_copy_7.pdf - [app.py:129]
2025-04-14 15:00:48,404 [ERROR] Processing failed for: COE._IT_Internship_Agreement_Form_Reviewed_March_2022.pdf - [app.py:125]
2025-04-14 15:00:48,468 [ERROR] CLIENT_ERROR - File: COE._IT_Internship_Agreement_Form_Reviewed_March_2022.pdf | Stage: processing | Error: Processing failed | Timestamp: 2025-04-14T11:00:48.464Z - [app.py:137]
2025-04-14 15:00:49,265 [ERROR] Processing error: Unread result found | File: bill_copy_6.pdf - [app.py:129]
2025-04-14 15:08:37,254 [ERROR] Processing error: Unread result found | File: bill.pdf - [app.py:129]
2025-04-14 15:08:38,087 [ERROR] Processing error: Unread result found | File: bill_copy_10.pdf - [app.py:129]
2025-04-14 15:08:38,941 [ERROR] Processing error: Unread result found | File: bill_copy_3.pdf - [app.py:129]
2025-04-14 15:08:39,769 [ERROR] Processing error: Unread result found | File: bill_copy_2.pdf - [app.py:129]
2025-04-14 15:08:40,733 [ERROR] Processing error: Unread result found | File: bill_copy_5.pdf - [app.py:129]
2025-04-14 15:08:41,556 [ERROR] Processing error: Unread result found | File: bill_copy_4.pdf - [app.py:129]
2025-04-14 15:10:25,439 [ERROR] Processing error: Unread result found | File: bill_copy_7.pdf - [app.py:129]
2025-04-14 15:10:25,783 [ERROR] Processing failed for: COE._IT_Internship_Agreement_Form_Reviewed_March_2022.pdf - [app.py:125]
2025-04-14 15:10:25,849 [ERROR] CLIENT_ERROR - File: COE._IT_Internship_Agreement_Form_Reviewed_March_2022.pdf | Stage: processing | Error: Processing failed | Timestamp: 2025-04-14T11:10:25.846Z - [app.py:137]
2025-04-14 15:10:26,606 [ERROR] Processing error: Unread result found | File: bill_copy_6.pdf - [app.py:129]
2025-04-14 15:10:27,398 [ERROR] Processing error: Unread result found | File: bill_copy_4.pdf - [app.py:129]
2025-04-14 15:10:28,193 [ERROR] Processing error: Unread result found | File: bill_copy_5.pdf - [app.py:129]
2025-04-14 15:10:28,345 [ERROR] Processing failed for: COE101_-_Lab_2_-_Guidelines_v2.pdf - [app.py:125]
2025-04-14 15:10:28,406 [ERROR] CLIENT_ERROR - File: COE101_-_Lab_2_-_Guidelines_v2.pdf | Stage: processing | Error: Processing failed | Timestamp: 2025-04-14T11:10:28.400Z - [app.py:137]
2025-04-14 15:32:43,355 [ERROR] Processing error: Unread result found | File: bill.pdf - [app.py:129]
2025-04-14 15:51:54,289 [ERROR] Processing failed for: bill_copy_7.pdf - [app.py:125]
2025-04-14 16:00:37,013 [ERROR] Processing error: Unread result found | File: bill.pdf - [app.py:129]
2025-04-14 16:02:04,134 [ERROR] Processing error: Unread result found | File: bill_copy_5.pdf - [app.py:129]
2025-04-14 16:10:59,562 [ERROR] Processing error: Unread result found | File: bill_copy_4.pdf - [app.py:129]
2025-04-15 08:21:01,560 [ERROR] Processing error: Unread result found | File: bill_copy_4.pdf - [app.py:129]
2025-04-15 08:21:52,829 [ERROR] Processing error: Unread result found | File: bill.pdf - [app.py:129]
2025-04-15 08:21:53,750 [ERROR] Processing error: Unread result found | File: bill_copy_10.pdf - [app.py:129]
2025-04-15 08:21:54,583 [ERROR] Processing error: Unread result found | File: bill_copy_3.pdf - [app.py:129]
2025-04-15 08:21:55,438 [ERROR] Processing error: Unread result found | File: bill_copy_2.pdf - [app.py:129]
2025-04-15 08:21:56,285 [ERROR] Processing error: Unread result found | File: bill_copy_5.pdf - [app.py:129]
2025-04-15 08:21:57,182 [ERROR] Processing error: Unread result found | File: bill_copy_4.pdf - [app.py:129]
2025-04-15 08:21:58,033 [ERROR] Processing error: Unread result found | File: bill_copy_7.pdf - [app.py:129]
2025-04-15 08:21:58,332 [ERROR] Processing failed for: COE._IT_Internship_Agreement_Form_Reviewed_March_2022.pdf - [app.py:125]
2025-04-15 08:21:58,398 [ERROR] CLIENT_ERROR - File: COE._IT_Internship_Agreement_Form_Reviewed_March_2022.pdf | Stage: processing | Error: Processing failed | Timestamp: 2025-04-15T04:21:58.395Z - [app.py:137]
2025-04-15 08:30:06,783 [ERROR] Processing error: Unread result found | File: bill_copy_7.pdf - [app.py:129]
2025-04-15 08:42:24,408 [ERROR] Processing failed for: COE._IT_Internship_Agreement_Form_Reviewed_March_2022.pdf - [app.py:130]
2025-04-15 08:42:24,481 [ERROR] CLIENT_ERROR - File: COE._IT_Internship_Agreement_Form_Reviewed_March_2022.pdf | Stage: processing | Error: Processing failed | Timestamp: 2025-04-15T04:42:24.477Z - [app.py:142]
2025-04-15 08:42:24,730 [ERROR] Processing failed: name 'traceback' is not defined | Trace: Traceback (most recent call last):
  File "/Users/alanoudalarabid/Desktop/inovices/etisalat_invoice.py", line 282, in process_single_invoice
    mysql_id = save_to_mysql(extracted_data, processing_time, cursor=mysql_cursor)
               ^^^^^^^^^^^^^^^^^^^^^^^^^^^^^^^^^^^^^^^^^^^^^^^^^^^^^^^^^^^^^^^^^^^
TypeError: save_to_mysql() got an unexpected keyword argument 'cursor'

During handling of the above exception, another exception occurred:

Traceback (most recent call last):
  File "/Users/alanoudalarabid/Desktop/inovices/app.py", line 106, in process_single
    success = process_single_invoice(filepath, start_time)
              ^^^^^^^^^^^^^^^^^^^^^^^^^^^^^^^^^^^^^^^^^^^^
  File "/Users/alanoudalarabid/Desktop/inovices/etisalat_invoice.py", line 317, in process_single_invoice
    f"Traceback: {traceback.format_exc()}"
                  ^^^^^^^^^
NameError: name 'traceback' is not defined. Did you forget to import 'traceback'
 - [app.py:108]
2025-04-15 08:49:08,319 [ERROR] Processing failed for: COE._IT_Internship_Agreement_Form_Reviewed_March_2022.pdf - [app.py:130]
2025-04-15 08:49:08,424 [ERROR] CLIENT_ERROR - File: COE._IT_Internship_Agreement_Form_Reviewed_March_2022.pdf | Stage: processing | Error: Processing failed | Timestamp: 2025-04-15T04:49:08.419Z - [app.py:142]
2025-04-15 08:49:09,306 [ERROR] Processing error: Unread result found | File: bill_copy_6.pdf - [app.py:134]
2025-04-15 09:00:41,546 [ERROR] Processing failed for: COE._IT_Internship_Agreement_Form_Reviewed_March_2022.pdf - [app.py:130]
2025-04-15 09:00:41,635 [ERROR] CLIENT_ERROR - File: COE._IT_Internship_Agreement_Form_Reviewed_March_2022.pdf | Stage: processing | Error: Processing failed | Timestamp: 2025-04-15T05:00:41.632Z - [app.py:142]
2025-04-15 09:00:42,463 [ERROR] MongoDB verification error: name 'get_mongodb_client' is not defined | File: bill_copy_7.pdf - [app.py:189]
2025-04-15 09:00:42,974 [ERROR] MongoDB verification error: name 'get_mongodb_client' is not defined | File: bill_copy_7.pdf - [app.py:189]
2025-04-15 09:00:43,484 [ERROR] MongoDB verification error: name 'get_mongodb_client' is not defined | File: bill_copy_7.pdf - [app.py:189]
2025-04-15 09:02:53,120 [ERROR] Processing failed for: COE._IT_Internship_Agreement_Form_Reviewed_March_2022.pdf - [app.py:131]
2025-04-15 09:02:53,230 [ERROR] CLIENT_ERROR - File: COE._IT_Internship_Agreement_Form_Reviewed_March_2022.pdf | Stage: processing | Error: Processing failed | Timestamp: 2025-04-15T05:02:53.227Z - [app.py:143]
2025-04-15 09:13:44,450 [ERROR] Processing failed for: bill_copy_2.pdf - [app.py:131]
2025-04-15 09:28:06,440 [ERROR] Processing failed for: bill_copy_3.pdf - [app.py:131]
2025-04-15 09:31:58,148 [ERROR] Processing failed for: COE._IT_Internship_Agreement_Form_Reviewed_March_2022_1.pdf - [app.py:131]
2025-04-15 09:31:58,167 [ERROR] CLIENT_ERROR - File: COE._IT_Internship_Agreement_Form_Reviewed_March_2022_1.pdf | Stage: processing | Error: Processing failed | Timestamp: 2025-04-15T05:31:58.163Z - [app.py:143]
2025-04-15 09:54:32,421 [ERROR] Processing failed for: COE._IT_Internship_Agreement_Form_Reviewed_March_2022.pdf - [app.py:139]
2025-04-15 09:54:32,436 [ERROR] CLIENT_ERROR - File: COE._IT_Internship_Agreement_Form_Reviewed_March_2022.pdf | Stage: processing | Error: Processing failed | Timestamp: 2025-04-15T05:54:32.434Z - [app.py:151]
2025-04-15 11:26:44,616 [ERROR] Processing failed for: COE._IT_Internship_Agreement_Form_Reviewed_March_2022.pdf - [app.py:173]
2025-04-15 11:26:44,788 [ERROR] CLIENT_ERROR - File: COE._IT_Internship_Agreement_Form_Reviewed_March_2022.pdf | Stage: processing | Error: Processing failed | Timestamp: 2025-04-15T07:26:44.785Z - [app.py:185]
2025-04-15 11:31:03,085 [ERROR] Process request missing filename/filepath - [app.py:141]
2025-04-15 11:31:03,214 [ERROR] CLIENT_ERROR - File: bill copy 10.pdf | Stage: processing | Error: Processing failed | Timestamp: 2025-04-15T07:31:03.208Z - [app.py:187]
2025-04-15 11:31:03,222 [ERROR] Process request missing filename/filepath - [app.py:141]
2025-04-15 11:31:03,247 [ERROR] CLIENT_ERROR - File: bill_copy_7.pdf | Stage: processing | Error: Processing failed | Timestamp: 2025-04-15T07:31:03.243Z - [app.py:187]
2025-04-15 11:31:03,255 [ERROR] Process request missing filename/filepath - [app.py:141]
2025-04-15 11:31:03,276 [ERROR] CLIENT_ERROR - File: bill.pdf | Stage: processing | Error: Processing failed | Timestamp: 2025-04-15T07:31:03.273Z - [app.py:187]
2025-04-15 11:31:03,281 [ERROR] Process request missing filename/filepath - [app.py:141]
2025-04-15 11:31:03,300 [ERROR] CLIENT_ERROR - File: bill copy 3.pdf | Stage: processing | Error: Processing failed | Timestamp: 2025-04-15T07:31:03.297Z - [app.py:187]
2025-04-15 11:31:03,306 [ERROR] Process request missing filename/filepath - [app.py:141]
2025-04-15 11:31:03,323 [ERROR] CLIENT_ERROR - File: bill copy 2.pdf | Stage: processing | Error: Processing failed | Timestamp: 2025-04-15T07:31:03.320Z - [app.py:187]
2025-04-15 11:31:03,328 [ERROR] Process request missing filename/filepath - [app.py:141]
2025-04-15 11:31:03,344 [ERROR] CLIENT_ERROR - File: bill copy 6.pdf | Stage: processing | Error: Processing failed | Timestamp: 2025-04-15T07:31:03.341Z - [app.py:187]
2025-04-15 11:31:03,348 [ERROR] Process request missing filename/filepath - [app.py:141]
2025-04-15 11:31:03,364 [ERROR] CLIENT_ERROR - File: bill copy 7.pdf | Stage: processing | Error: Processing failed | Timestamp: 2025-04-15T07:31:03.361Z - [app.py:187]
2025-04-15 11:31:03,369 [ERROR] Process request missing filename/filepath - [app.py:141]
2025-04-15 11:31:03,385 [ERROR] CLIENT_ERROR - File: bill copy 5.pdf | Stage: processing | Error: Processing failed | Timestamp: 2025-04-15T07:31:03.382Z - [app.py:187]
2025-04-15 11:31:03,389 [ERROR] Process request missing filename/filepath - [app.py:141]
2025-04-15 11:31:03,403 [ERROR] CLIENT_ERROR - File: bill copy 4.pdf | Stage: processing | Error: Processing failed | Timestamp: 2025-04-15T07:31:03.401Z - [app.py:187]
2025-04-15 11:31:03,407 [ERROR] Process request missing filename/filepath - [app.py:141]
2025-04-15 11:31:03,422 [ERROR] CLIENT_ERROR - File: bill_copy_6.pdf | Stage: processing | Error: Processing failed | Timestamp: 2025-04-15T07:31:03.419Z - [app.py:187]
2025-04-15 11:31:03,426 [ERROR] Process request missing filename/filepath - [app.py:141]
2025-04-15 11:31:03,440 [ERROR] CLIENT_ERROR - File: bill_copy_4.pdf | Stage: processing | Error: Processing failed | Timestamp: 2025-04-15T07:31:03.438Z - [app.py:187]
2025-04-15 11:31:03,444 [ERROR] Process request missing filename/filepath - [app.py:141]
2025-04-15 11:31:03,459 [ERROR] CLIENT_ERROR - File: bill_copy_5.pdf | Stage: processing | Error: Processing failed | Timestamp: 2025-04-15T07:31:03.457Z - [app.py:187]
2025-04-15 11:31:03,463 [ERROR] Process request missing filename/filepath - [app.py:141]
2025-04-15 11:31:03,478 [ERROR] CLIENT_ERROR - File: bill copy 9.pdf | Stage: processing | Error: Processing failed | Timestamp: 2025-04-15T07:31:03.476Z - [app.py:187]
2025-04-15 11:31:03,482 [ERROR] Process request missing filename/filepath - [app.py:141]
2025-04-15 11:31:03,496 [ERROR] CLIENT_ERROR - File: bill copy 8.pdf | Stage: processing | Error: Processing failed | Timestamp: 2025-04-15T07:31:03.495Z - [app.py:187]
2025-04-15 11:36:06,757 [ERROR] Processing failed for: COE._IT_Internship_Agreement_Form_Reviewed_March_2022.pdf - [app.py:173]
2025-04-15 11:36:06,777 [ERROR] CLIENT_ERROR - File: COE._IT_Internship_Agreement_Form_Reviewed_March_2022.pdf | Stage: processing | Error: Processing failed | Timestamp: 2025-04-15T07:36:06.774Z - [app.py:185]
2025-04-15 11:36:06,856 [ERROR] Processing failed for: COE101_-_Lab_2_-_Guidelines_v2.pdf - [app.py:173]
2025-04-15 11:36:06,873 [ERROR] CLIENT_ERROR - File: COE101_-_Lab_2_-_Guidelines_v2.pdf | Stage: processing | Error: Processing failed | Timestamp: 2025-04-15T07:36:06.871Z - [app.py:185]
2025-04-15 11:36:06,894 [ERROR] Processing failed for: license.pdf - [app.py:173]
2025-04-15 11:36:06,910 [ERROR] CLIENT_ERROR - File: license.pdf | Stage: processing | Error: Processing failed | Timestamp: 2025-04-15T07:36:06.907Z - [app.py:185]
2025-04-16 15:44:47,228 [ERROR] Processing failed for: COE101_-_Lab_2_-_Guidelines_v2.pdf - [app.py:173]
2025-04-16 15:44:47,244 [ERROR] CLIENT_ERROR - File: COE101_-_Lab_2_-_Guidelines_v2.pdf | Stage: processing | Error: Processing failed | Timestamp: 2025-04-16T11:44:47.242Z - [app.py:185]
2025-04-16 15:44:47,265 [ERROR] Processing failed for: license.pdf - [app.py:173]
2025-04-16 15:44:47,281 [ERROR] CLIENT_ERROR - File: license.pdf | Stage: processing | Error: Processing failed | Timestamp: 2025-04-16T11:44:47.279Z - [app.py:185]
2025-04-17 09:52:07,264 [ERROR] Processing failed for: COE101_-_Lab_2_-_Guidelines_v2.pdf - [app.py:173]
2025-04-17 09:52:07,284 [ERROR] CLIENT_ERROR - File: COE101_-_Lab_2_-_Guidelines_v2.pdf | Stage: processing | Error: Processing failed | Timestamp: 2025-04-17T05:52:07.280Z - [app.py:185]
2025-04-17 09:52:07,305 [ERROR] Processing failed for: license.pdf - [app.py:173]
2025-04-17 09:52:07,322 [ERROR] CLIENT_ERROR - File: license.pdf | Stage: processing | Error: Processing failed | Timestamp: 2025-04-17T05:52:07.320Z - [app.py:185]
2025-04-17 10:58:42,855 [ERROR] Processing failed for: COE101_-_Lab_2_-_Guidelines_v2.pdf - [app.py:145]
2025-04-17 10:58:42,870 [ERROR] CLIENT_ERROR - File: COE101_-_Lab_2_-_Guidelines_v2.pdf | Stage: processing | Error: Processing failed | Timestamp: 2025-04-17T06:58:42.868Z - [app.py:157]
2025-04-17 10:58:42,892 [ERROR] Processing failed for: license.pdf - [app.py:145]
2025-04-17 10:58:42,911 [ERROR] CLIENT_ERROR - File: license.pdf | Stage: processing | Error: Processing failed | Timestamp: 2025-04-17T06:58:42.908Z - [app.py:157]
2025-04-21 09:35:27,890 [ERROR] Processing failed for: COE._IT_Internship_Agreement_Form_Reviewed_March_2022.pdf - [app.py:145]
2025-04-21 09:35:27,914 [ERROR] CLIENT_ERROR - File: COE._IT_Internship_Agreement_Form_Reviewed_March_2022.pdf | Stage: processing | Error: Processing failed | Timestamp: 2025-04-21T05:35:27.911Z - [app.py:157]
2025-04-21 09:35:35,367 [ERROR] Processing failed for: COE101_-_Lab_2_-_Guidelines_v2.pdf - [app.py:145]
2025-04-21 09:35:35,391 [ERROR] CLIENT_ERROR - File: COE101_-_Lab_2_-_Guidelines_v2.pdf | Stage: processing | Error: Processing failed | Timestamp: 2025-04-21T05:35:35.389Z - [app.py:157]
